[handleMsg]:  {
  key: {
    remoteJid: '573205303016@s.whatsapp.net',
    fromMe: false,
    id: '3EB0D26E1A30FA678BBA54',
    participant: undefined
  },
  messageTimestamp: 1709416031,
  pushName: 'Esteban | International webs services',
  broadcast: false,
  message: Message {
    extendedTextMessage: ExtendedTextMessage {
      text: 'hola',
      contextInfo: [ContextInfo],
      inviteLinkGroupTypeV2: 0
    },
    messageContextInfo: MessageContextInfo {
      deviceListMetadata: [DeviceListMetadata],
      deviceListMetadataVersion: 2
    }
  },
  verifiedBizName: 'Esteban | International webs services',
  body: 'hola',
  from: '573205303016'
}
[QUEUE_SE_ENVIO]:  {
  ref: 'ans_3dd34196-3e79-4578-aeb4-80390e054bf3',
  keyword: 'key_9c4fa5ff-b5f6-45e3-8346-6dadff6fa7eb',
  answer: '🙌 Hola bienvenido a Proxon Group',
  options: {
    media: null,
    buttons: [],
    capture: false,
    child: null,
    delay: 0,
    idle: null,
    ref: null,
    nested: [],
    keyword: {},
    callback: false
  },
  refSerialize: '23dfa446ca6b0f4ffcf631de4ef9152f'
}
[QUEUE_SE_ENVIO]:  {
  ref: 'ans_206e635b-d51b-4f19-855b-9ca75c6ea4b4',
  keyword: 'ans_3dd34196-3e79-4578-aeb4-80390e054bf3',
  answer: 'Selecciona una opcion\n' +
    '👉 *Hablar con un asesor\n' +
    '👉 *Agendar una cita\n' +
    '👉 *Obtener mi asesoria gratis',
  options: {
    media: null,
    buttons: [],
    capture: false,
    child: null,
    delay: 0,
    idle: null,
    ref: null,
    nested: [
      [Object], [Object],
      [Object], [Object],
      [Object], [Object],
      [Object], [Object],
      [Object], [Object]
    ],
    keyword: {},
    callback: false
  },
  refSerialize: 'aa1fc93f6756b20ccd8bbfb541ae42b2'
}
[handleMsg]:  {
  key: {
    remoteJid: '573205303016@s.whatsapp.net',
    fromMe: false,
    id: '3EB0B0EB8959A5F2F1D454',
    participant: undefined
  },
  messageTimestamp: 1709416033,
  pushName: 'Esteban | International webs services',
  broadcast: false,
  message: Message {
    extendedTextMessage: ExtendedTextMessage {
      text: 'botones',
      contextInfo: [ContextInfo],
      inviteLinkGroupTypeV2: 0
    },
    messageContextInfo: MessageContextInfo {
      deviceListMetadata: [DeviceListMetadata],
      deviceListMetadataVersion: 2
    }
  },
  verifiedBizName: 'Esteban | International webs services',
  body: 'botones',
  from: '573205303016'
}
[QUEUE_SE_ENVIO]:  {
  ref: 'ans_e91f61cf-052b-4b14-9244-bbfde4f6a076',
  keyword: 'key_8d78b8d1-9ecd-48cb-b342-6c539546822c',
  answer: 'Estos son los botones',
  options: {
    media: null,
    buttons: [ [Object], [Object], [Object] ],
    capture: false,
    child: null,
    delay: 0,
    idle: null,
    ref: null,
    nested: [],
    keyword: {},
    callback: false
  },
  refSerialize: 'f59b435a6c35f52acfabcd4e356a234a'
}
[handleMsg]:  {
  key: {
    remoteJid: '573205303016@s.whatsapp.net',
    fromMe: false,
    id: '3EB0495322F06F772C6BA9',
    participant: undefined
  },
  messageTimestamp: 1709416036,
  pushName: 'Esteban | International webs services',
  broadcast: false,
  message: Message {
    extendedTextMessage: ExtendedTextMessage {
      text: 'Botones',
      contextInfo: [ContextInfo],
      inviteLinkGroupTypeV2: 0
    },
    messageContextInfo: MessageContextInfo {
      deviceListMetadata: [DeviceListMetadata],
      deviceListMetadataVersion: 2
    }
  },
  verifiedBizName: 'Esteban | International webs services',
  body: 'Botones',
  from: '573205303016'
}
[handleMsg]:  {
  key: {
    remoteJid: '573205303016@s.whatsapp.net',
    fromMe: false,
    id: '3EB0D01803ED2D871E4746',
    participant: undefined
  },
  messageTimestamp: 1709416040,
  pushName: 'Esteban | International webs services',
  broadcast: false,
  message: Message {
    extendedTextMessage: ExtendedTextMessage {
      text: 'Botones',
      contextInfo: [ContextInfo],
      inviteLinkGroupTypeV2: 0
    },
    messageContextInfo: MessageContextInfo {
      deviceListMetadata: [DeviceListMetadata],
      deviceListMetadataVersion: 2
    }
  },
  verifiedBizName: 'Esteban | International webs services',
  body: 'Botones',
  from: '573205303016'
}
